<?xml version="1.0" encoding="UTF-8"?>
<!-- Generated by org.testng.reporters.JUnitReportReporter -->
<testsuite hostname="DESKTOP-GORMKTV" failures="0" tests="1" name="scipts.ScreenShot" time="10.316" errors="0" timestamp="2024-11-27T16:55:34 IST" skipped="0">
  <testcase classname="scipts.ScreenShot" name="step" time="10.316"/>
</testsuite> <!-- scipts.ScreenShot -->
