<?xml version="1.0" encoding="UTF-8"?>
<!-- Generated by org.testng.reporters.JUnitReportReporter -->
<testsuite hostname="DESKTOP-GORMKTV" failures="0" tests="1" name="scipts.WindowHandles" time="8.925" errors="0" timestamp="2024-12-16T12:28:44 IST" skipped="0">
  <testcase classname="scipts.WindowHandles" name="step" time="8.925"/>
</testsuite> <!-- scipts.WindowHandles -->
