<?xml version="1.0" encoding="UTF-8"?>
<!-- Generated by org.testng.reporters.JUnitReportReporter -->
<testsuite hostname="DESKTOP-GORMKTV" failures="0" tests="4" name="scipts.Priority" time="0.052" errors="0" timestamp="2024-11-26T13:55:42 IST" skipped="0">
  <testcase classname="scipts.Priority" name="test3" time="0.030"/>
  <testcase classname="scipts.Priority" name="test4" time="0.006"/>
  <testcase classname="scipts.Priority" name="test1" time="0.007"/>
  <testcase classname="scipts.Priority" name="test2" time="0.009"/>
</testsuite> <!-- scipts.Priority -->
